2017-11-21 20:34:54,803 INFO  [org.jboss.modules] (main) JBoss Modules version 1.6.0.Final
2017-11-21 20:34:55,493 INFO  [org.jboss.msc] (main) JBoss MSC version 1.2.7.SP1
2017-11-21 20:34:55,691 INFO  [org.jboss.as] (MSC service thread 1-1) WFLYSRV0049: Keycloak 3.4.0.Final (WildFly Core 3.0.1.Final) starting
2017-11-21 20:34:55,693 DEBUG [org.jboss.as.config] (MSC service thread 1-1) Configured system properties:
	[Standalone] = 
	awt.toolkit = sun.awt.X11.XToolkit
	file.encoding = ANSI_X3.4-1968
	file.encoding.pkg = sun.io
	file.separator = /
	java.awt.graphicsenv = sun.awt.X11GraphicsEnvironment
	java.awt.headless = true
	java.awt.printerjob = sun.print.PSPrinterJob
	java.class.path = /srv/keycloak-3.4.0.Final/jboss-modules.jar
	java.class.version = 52.0
	java.endorsed.dirs = /usr/lib/jvm/java-8-openjdk-amd64/jre/lib/endorsed
	java.ext.dirs = /usr/lib/jvm/java-8-openjdk-amd64/jre/lib/ext:/usr/java/packages/lib/ext
	java.home = /usr/lib/jvm/java-8-openjdk-amd64/jre
	java.io.tmpdir = /tmp
	java.library.path = /.singularity.d/libs:/usr/java/packages/lib/amd64:/usr/lib/x86_64-linux-gnu/jni:/lib/x86_64-linux-gnu:/usr/lib/x86_64-linux-gnu:/usr/lib/jni:/lib:/usr/lib
	java.net.preferIPv4Stack = true
	java.runtime.name = OpenJDK Runtime Environment
	java.runtime.version = 1.8.0_151-8u151-b12-0ubuntu0.16.04.2-b12
	java.specification.name = Java Platform API Specification
	java.specification.vendor = Oracle Corporation
	java.specification.version = 1.8
	java.util.logging.manager = org.jboss.logmanager.LogManager
	java.vendor = Oracle Corporation
	java.vendor.url = http://java.oracle.com/
	java.vendor.url.bug = http://bugreport.sun.com/bugreport/
	java.version = 1.8.0_151
	java.vm.info = mixed mode
	java.vm.name = OpenJDK 64-Bit Server VM
	java.vm.specification.name = Java Virtual Machine Specification
	java.vm.specification.vendor = Oracle Corporation
	java.vm.specification.version = 1.8
	java.vm.vendor = Oracle Corporation
	java.vm.version = 25.151-b12
	javax.management.builder.initial = org.jboss.as.jmx.PluggableMBeanServerBuilder
	javax.xml.datatype.DatatypeFactory = __redirected.__DatatypeFactory
	javax.xml.parsers.DocumentBuilderFactory = __redirected.__DocumentBuilderFactory
	javax.xml.parsers.SAXParserFactory = __redirected.__SAXParserFactory
	javax.xml.stream.XMLEventFactory = __redirected.__XMLEventFactory
	javax.xml.stream.XMLInputFactory = __redirected.__XMLInputFactory
	javax.xml.stream.XMLOutputFactory = __redirected.__XMLOutputFactory
	javax.xml.transform.TransformerFactory = __redirected.__TransformerFactory
	javax.xml.validation.SchemaFactory:http://www.w3.org/2001/XMLSchema = __redirected.__SchemaFactory
	javax.xml.xpath.XPathFactory:http://java.sun.com/jaxp/xpath/dom = __redirected.__XPathFactory
	jboss.home.dir = /srv/keycloak-3.4.0.Final
	jboss.host.name = debian
	jboss.modules.dir = /srv/keycloak-3.4.0.Final/modules
	jboss.modules.system.pkgs = org.jboss.byteman
	jboss.node.name = debian
	jboss.qualified.host.name = debian.uhnres.utoronto.ca
	jboss.server.base.dir = /srv/keycloak-3.4.0.Final/standalone
	jboss.server.config.dir = /srv/keycloak-3.4.0.Final/standalone/configuration
	jboss.server.data.dir = /srv/keycloak-3.4.0.Final/standalone/data
	jboss.server.deploy.dir = /srv/keycloak-3.4.0.Final/standalone/data/content
	jboss.server.log.dir = /srv/keycloak-3.4.0.Final/standalone/log
	jboss.server.name = debian
	jboss.server.persist.config = true
	jboss.server.temp.dir = /srv/keycloak-3.4.0.Final/standalone/tmp
	keycloak.migration.action = import
	keycloak.migration.file = /srv/keycloakConfig.json
	keycloak.migration.provider = singleFile
	keycloak.migration.strategy = OVERWRITE_EXISTING
	line.separator = 

	logging.configuration = file:/srv/keycloak-3.4.0.Final/standalone/configuration/logging.properties
	module.path = /srv/keycloak-3.4.0.Final/modules
	org.jboss.boot.log.file = /srv/keycloak-3.4.0.Final/standalone/log/server.log
	org.jboss.resolver.warning = true
	org.xml.sax.driver = __redirected.__XMLReaderFactory
	os.arch = amd64
	os.name = Linux
	os.version = 4.9.0-4-amd64
	path.separator = :
	sun.arch.data.model = 64
	sun.boot.class.path = /usr/lib/jvm/java-8-openjdk-amd64/jre/lib/resources.jar:/usr/lib/jvm/java-8-openjdk-amd64/jre/lib/rt.jar:/usr/lib/jvm/java-8-openjdk-amd64/jre/lib/sunrsasign.jar:/usr/lib/jvm/java-8-openjdk-amd64/jre/lib/jsse.jar:/usr/lib/jvm/java-8-openjdk-amd64/jre/lib/jce.jar:/usr/lib/jvm/java-8-openjdk-amd64/jre/lib/charsets.jar:/usr/lib/jvm/java-8-openjdk-amd64/jre/lib/jfr.jar:/usr/lib/jvm/java-8-openjdk-amd64/jre/classes
	sun.boot.library.path = /usr/lib/jvm/java-8-openjdk-amd64/jre/lib/amd64
	sun.cpu.endian = little
	sun.cpu.isalist = 
	sun.io.unicode.encoding = UnicodeLittle
	sun.java.command = /srv/keycloak-3.4.0.Final/jboss-modules.jar -mp /srv/keycloak-3.4.0.Final/modules org.jboss.as.standalone -Djboss.home.dir=/srv/keycloak-3.4.0.Final -Djboss.server.base.dir=/srv/keycloak-3.4.0.Final/standalone -Dkeycloak.migration.action=import -Dkeycloak.migration.provider=singleFile -Dkeycloak.migration.file=/srv/keycloakConfig.json -Dkeycloak.migration.strategy=OVERWRITE_EXISTING
	sun.java.launcher = SUN_STANDARD
	sun.jnu.encoding = ANSI_X3.4-1968
	sun.management.compiler = HotSpot 64-Bit Tiered Compilers
	sun.os.patch.level = unknown
	user.country = US
	user.dir = /srv
	user.home = /root
	user.language = en
	user.name = root
	user.timezone = Etc/UTC
2017-11-21 20:34:55,693 DEBUG [org.jboss.as.config] (MSC service thread 1-1) VM Arguments: -D[Standalone] -Xms64m -Xmx512m -XX:MetaspaceSize=96M -XX:MaxMetaspaceSize=256m -Djava.net.preferIPv4Stack=true -Djboss.modules.system.pkgs=org.jboss.byteman -Djava.awt.headless=true -Dorg.jboss.boot.log.file=/srv/keycloak-3.4.0.Final/standalone/log/server.log -Dlogging.configuration=file:/srv/keycloak-3.4.0.Final/standalone/configuration/logging.properties 
2017-11-21 20:34:58,684 INFO  [org.jboss.as.controller.management-deprecated] (Controller Boot Thread) WFLYCTL0028: Attribute 'security-realm' in the resource at address '/core-service=management/management-interface=http-interface' is deprecated, and may be removed in future version. See the attribute description in the output of the read-resource-description operation to learn more about the deprecation.
2017-11-21 20:34:58,771 INFO  [org.wildfly.security] (ServerService Thread Pool -- 17) ELY00001: WildFly Elytron version 1.1.1.Final
2017-11-21 20:34:58,825 INFO  [org.jboss.as.controller.management-deprecated] (ServerService Thread Pool -- 21) WFLYCTL0028: Attribute 'security-realm' in the resource at address '/subsystem=undertow/server=default-server/https-listener=https' is deprecated, and may be removed in future version. See the attribute description in the output of the read-resource-description operation to learn more about the deprecation.
2017-11-21 20:34:59,160 INFO  [org.jboss.as.server] (Controller Boot Thread) WFLYSRV0039: Creating http management service using socket-binding (management-http)
2017-11-21 20:34:59,202 INFO  [org.xnio] (MSC service thread 1-2) XNIO version 3.5.1.Final
2017-11-21 20:34:59,243 INFO  [org.xnio.nio] (MSC service thread 1-2) XNIO NIO Implementation Version 3.5.1.Final
2017-11-21 20:34:59,380 INFO  [org.jboss.as.clustering.infinispan] (ServerService Thread Pool -- 31) WFLYCLINF0001: Activating Infinispan subsystem.
2017-11-21 20:34:59,396 INFO  [org.jboss.as.naming] (ServerService Thread Pool -- 37) WFLYNAM0001: Activating Naming Subsystem
2017-11-21 20:34:59,425 WARN  [org.jboss.as.txn] (ServerService Thread Pool -- 43) WFLYTX0013: The node-identifier attribute on the /subsystem=transactions is set to the default value. This is a danger for environments running multiple servers. Please make sure the attribute value is unique.
2017-11-21 20:34:59,429 INFO  [org.jboss.as.security] (ServerService Thread Pool -- 42) WFLYSEC0002: Activating Security Subsystem
2017-11-21 20:34:59,453 INFO  [org.jboss.as.jaxrs] (ServerService Thread Pool -- 32) WFLYRS0016: RESTEasy version 3.0.24.Final
2017-11-21 20:34:59,530 INFO  [org.wildfly.extension.io] (ServerService Thread Pool -- 30) WFLYIO001: Worker 'default' has auto-configured to 2 core threads with 16 task threads based on your 1 available processors
2017-11-21 20:34:59,581 INFO  [org.jboss.remoting] (MSC service thread 1-2) JBoss Remoting version 5.0.0.Final
2017-11-21 20:34:59,727 INFO  [org.jboss.as.connector.subsystems.datasources] (ServerService Thread Pool -- 26) WFLYJCA0004: Deploying JDBC-compliant driver class org.h2.Driver (version 1.4)
2017-11-21 20:34:59,744 INFO  [org.jboss.as.security] (MSC service thread 1-1) WFLYSEC0001: Current PicketBox version=5.0.2.Final
2017-11-21 20:34:59,947 INFO  [org.jboss.as.connector] (MSC service thread 1-2) WFLYJCA0009: Starting JCA Subsystem (WildFly/IronJacamar 1.4.6.Final)
2017-11-21 20:35:00,039 INFO  [org.jboss.as.naming] (MSC service thread 1-1) WFLYNAM0003: Starting Naming Service
2017-11-21 20:35:00,115 INFO  [org.wildfly.extension.undertow] (MSC service thread 1-2) WFLYUT0003: Undertow 1.4.18.Final starting
2017-11-21 20:35:00,157 INFO  [org.jboss.as.connector.deployers.jdbc] (MSC service thread 1-1) WFLYJCA0018: Started Driver service with driver-name = h2
2017-11-21 20:35:00,164 INFO  [org.jboss.as.mail.extension] (MSC service thread 1-1) WFLYMAIL0001: Bound mail session [java:jboss/mail/Default]
2017-11-21 20:35:00,397 INFO  [org.wildfly.extension.undertow] (ServerService Thread Pool -- 44) WFLYUT0014: Creating file handler for path '/srv/keycloak-3.4.0.Final/welcome-content' with options [directory-listing: 'false', follow-symlink: 'false', case-sensitive: 'true', safe-symlink-paths: '[]']
2017-11-21 20:35:00,549 INFO  [org.jboss.as.ejb3] (MSC service thread 1-1) WFLYEJB0481: Strict pool slsb-strict-max-pool is using a max instance size of 16 (per class), which is derived from thread worker pool sizing.
2017-11-21 20:35:00,546 INFO  [org.jboss.as.ejb3] (MSC service thread 1-2) WFLYEJB0482: Strict pool mdb-strict-max-pool is using a max instance size of 4 (per class), which is derived from the number of CPUs on this host.
2017-11-21 20:35:00,856 INFO  [org.wildfly.extension.undertow] (MSC service thread 1-2) WFLYUT0012: Started server default-server.
2017-11-21 20:35:00,874 INFO  [org.wildfly.extension.undertow] (MSC service thread 1-2) WFLYUT0018: Host default-host starting
2017-11-21 20:35:01,096 INFO  [org.wildfly.extension.undertow] (MSC service thread 1-2) WFLYUT0006: Undertow HTTP listener default listening on 127.0.0.1:8080
2017-11-21 20:35:01,177 INFO  [org.jboss.as.ejb3] (MSC service thread 1-1) WFLYEJB0493: EJB subsystem suspension complete
2017-11-21 20:35:01,371 INFO  [org.jboss.as.patching] (MSC service thread 1-1) WFLYPAT0050: Keycloak cumulative patch ID is: base, one-off patches include: none
2017-11-21 20:35:01,479 WARN  [org.jboss.as.domain.management.security] (MSC service thread 1-2) WFLYDM0111: Keystore /srv/keycloak-3.4.0.Final/standalone/configuration/application.keystore not found, it will be auto generated on first use with a self signed certificate for host localhost
2017-11-21 20:35:01,500 INFO  [org.jboss.as.server.deployment] (MSC service thread 1-2) WFLYSRV0027: Starting deployment of "keycloak-server.war" (runtime-name: "keycloak-server.war")
2017-11-21 20:35:01,539 INFO  [org.jboss.as.server.deployment.scanner] (MSC service thread 1-1) WFLYDS0013: Started FileSystemDeploymentService for directory /srv/keycloak-3.4.0.Final/standalone/deployments
2017-11-21 20:35:01,559 INFO  [org.jboss.as.connector.subsystems.datasources] (MSC service thread 1-1) WFLYJCA0001: Bound data source [java:jboss/datasources/ExampleDS]
2017-11-21 20:35:01,562 INFO  [org.jboss.as.connector.subsystems.datasources] (MSC service thread 1-1) WFLYJCA0001: Bound data source [java:jboss/datasources/KeycloakDS]
2017-11-21 20:35:01,884 INFO  [org.wildfly.extension.undertow] (MSC service thread 1-1) WFLYUT0006: Undertow HTTPS listener https listening on 127.0.0.1:8443
2017-11-21 20:35:02,897 INFO  [org.infinispan.factories.GlobalComponentRegistry] (MSC service thread 1-2) ISPN000128: Infinispan version: Infinispan 'Chakra' 8.2.8.Final
2017-11-21 20:35:03,495 INFO  [org.jboss.as.clustering.infinispan] (ServerService Thread Pool -- 49) WFLYCLINF0002: Started sessions cache from keycloak container
2017-11-21 20:35:03,516 INFO  [org.jboss.as.clustering.infinispan] (ServerService Thread Pool -- 48) WFLYCLINF0002: Started realms cache from keycloak container
2017-11-21 20:35:03,517 INFO  [org.jboss.as.clustering.infinispan] (ServerService Thread Pool -- 50) WFLYCLINF0002: Started authorization cache from keycloak container
2017-11-21 20:35:03,517 INFO  [org.jboss.as.clustering.infinispan] (ServerService Thread Pool -- 55) WFLYCLINF0002: Started actionTokens cache from keycloak container
2017-11-21 20:35:03,518 INFO  [org.jboss.as.clustering.infinispan] (ServerService Thread Pool -- 53) WFLYCLINF0002: Started work cache from keycloak container
2017-11-21 20:35:03,518 INFO  [org.jboss.as.clustering.infinispan] (ServerService Thread Pool -- 51) WFLYCLINF0002: Started keys cache from keycloak container
2017-11-21 20:35:03,518 INFO  [org.jboss.as.clustering.infinispan] (ServerService Thread Pool -- 52) WFLYCLINF0002: Started loginFailures cache from keycloak container
2017-11-21 20:35:03,519 INFO  [org.jboss.as.clustering.infinispan] (ServerService Thread Pool -- 54) WFLYCLINF0002: Started users cache from keycloak container
2017-11-21 20:35:03,519 INFO  [org.jboss.as.clustering.infinispan] (ServerService Thread Pool -- 47) WFLYCLINF0002: Started authenticationSessions cache from keycloak container
2017-11-21 20:35:03,516 INFO  [org.jboss.as.clustering.infinispan] (ServerService Thread Pool -- 46) WFLYCLINF0002: Started offlineSessions cache from keycloak container
2017-11-21 20:35:03,543 INFO  [org.jboss.as.clustering.infinispan] (ServerService Thread Pool -- 56) WFLYCLINF0002: Started client-mappings cache from ejb container
2017-11-21 20:35:05,311 INFO  [org.keycloak.services] (ServerService Thread Pool -- 56) KC-SERVICES0001: Loading config from standalone.xml or domain.xml
2017-11-21 20:35:06,169 INFO  [org.jboss.as.clustering.infinispan] (ServerService Thread Pool -- 56) WFLYCLINF0002: Started realmRevisions cache from keycloak container
2017-11-21 20:35:06,182 INFO  [org.jboss.as.clustering.infinispan] (ServerService Thread Pool -- 56) WFLYCLINF0002: Started userRevisions cache from keycloak container
2017-11-21 20:35:06,195 INFO  [org.jboss.as.clustering.infinispan] (ServerService Thread Pool -- 56) WFLYCLINF0002: Started authorizationRevisions cache from keycloak container
2017-11-21 20:35:06,195 INFO  [org.keycloak.connections.infinispan.DefaultInfinispanConnectionProviderFactory] (ServerService Thread Pool -- 56) Node name: debian, Site name: null
2017-11-21 20:35:11,798 INFO  [org.keycloak.connections.jpa.updater.liquibase.LiquibaseJpaUpdaterProvider] (ServerService Thread Pool -- 56) Initializing database schema. Using changelog META-INF/jpa-changelog-master.xml
2017-11-21 20:35:15,528 INFO  [org.hibernate.jpa.internal.util.LogHelper] (ServerService Thread Pool -- 56) HHH000204: Processing PersistenceUnitInfo [
	name: keycloak-default
	...]
2017-11-21 20:35:15,681 INFO  [org.hibernate.Version] (ServerService Thread Pool -- 56) HHH000412: Hibernate Core {5.1.10.Final}
2017-11-21 20:35:15,690 INFO  [org.hibernate.cfg.Environment] (ServerService Thread Pool -- 56) HHH000206: hibernate.properties not found
2017-11-21 20:35:15,691 INFO  [org.hibernate.cfg.Environment] (ServerService Thread Pool -- 56) HHH000021: Bytecode provider name : javassist
2017-11-21 20:35:15,783 INFO  [org.hibernate.annotations.common.Version] (ServerService Thread Pool -- 56) HCANN000001: Hibernate Commons Annotations {5.0.1.Final}
2017-11-21 20:35:16,096 INFO  [org.hibernate.dialect.Dialect] (ServerService Thread Pool -- 56) HHH000400: Using dialect: org.hibernate.dialect.H2Dialect
2017-11-21 20:35:16,109 WARN  [org.hibernate.dialect.H2Dialect] (ServerService Thread Pool -- 56) HHH000431: Unable to determine H2 database version, certain features may not work
2017-11-21 20:35:16,212 INFO  [org.hibernate.envers.boot.internal.EnversServiceImpl] (ServerService Thread Pool -- 56) Envers integration enabled? : true
2017-11-21 20:35:17,300 INFO  [org.hibernate.validator.internal.util.Version] (ServerService Thread Pool -- 56) HV000001: Hibernate Validator 5.3.5.Final
2017-11-21 20:35:19,089 INFO  [org.hibernate.hql.internal.QueryTranslatorFactoryInitiator] (ServerService Thread Pool -- 56) HHH000397: Using ASTQueryTranslatorFactory
2017-11-21 20:35:21,189 INFO  [org.keycloak.services] (ServerService Thread Pool -- 56) KC-SERVICES0030: Full model import requested. Strategy: OVERWRITE_EXISTING
2017-11-21 20:35:21,194 INFO  [org.keycloak.exportimport.singlefile.SingleFileImportProvider] (ServerService Thread Pool -- 56) Full importing from file /srv/keycloakConfig.json
2017-11-21 20:35:22,937 INFO  [org.keycloak.exportimport.util.ImportUtils] (ServerService Thread Pool -- 56) Realm 'master' imported
2017-11-21 20:35:24,201 INFO  [org.keycloak.exportimport.util.ImportUtils] (ServerService Thread Pool -- 56) Realm 'CanDIG' imported
2017-11-21 20:35:24,366 INFO  [org.keycloak.services] (ServerService Thread Pool -- 56) KC-SERVICES0032: Import finished successfully
2017-11-21 20:35:24,692 INFO  [org.jboss.resteasy.resteasy_jaxrs.i18n] (ServerService Thread Pool -- 56) RESTEASY002225: Deploying javax.ws.rs.core.Application: class org.keycloak.services.resources.KeycloakApplication
2017-11-21 20:35:24,693 INFO  [org.jboss.resteasy.resteasy_jaxrs.i18n] (ServerService Thread Pool -- 56) RESTEASY002205: Adding provider class org.keycloak.services.filters.KeycloakTransactionCommitter from Application class org.keycloak.services.resources.KeycloakApplication
2017-11-21 20:35:24,694 INFO  [org.jboss.resteasy.resteasy_jaxrs.i18n] (ServerService Thread Pool -- 56) RESTEASY002200: Adding class resource org.keycloak.services.resources.ThemeResource from Application class org.keycloak.services.resources.KeycloakApplication
2017-11-21 20:35:24,698 INFO  [org.jboss.resteasy.resteasy_jaxrs.i18n] (ServerService Thread Pool -- 56) RESTEASY002200: Adding class resource org.keycloak.services.resources.JsResource from Application class org.keycloak.services.resources.KeycloakApplication
2017-11-21 20:35:24,699 INFO  [org.jboss.resteasy.resteasy_jaxrs.i18n] (ServerService Thread Pool -- 56) RESTEASY002210: Adding provider singleton org.keycloak.services.util.ObjectMapperResolver from Application class org.keycloak.services.resources.KeycloakApplication
2017-11-21 20:35:24,699 INFO  [org.jboss.resteasy.resteasy_jaxrs.i18n] (ServerService Thread Pool -- 56) RESTEASY002220: Adding singleton resource org.keycloak.services.resources.ServerVersionResource from Application class org.keycloak.services.resources.KeycloakApplication
2017-11-21 20:35:24,699 INFO  [org.jboss.resteasy.resteasy_jaxrs.i18n] (ServerService Thread Pool -- 56) RESTEASY002220: Adding singleton resource org.keycloak.services.resources.RealmsResource from Application class org.keycloak.services.resources.KeycloakApplication
2017-11-21 20:35:24,700 INFO  [org.jboss.resteasy.resteasy_jaxrs.i18n] (ServerService Thread Pool -- 56) RESTEASY002220: Adding singleton resource org.keycloak.services.resources.RobotsResource from Application class org.keycloak.services.resources.KeycloakApplication
2017-11-21 20:35:24,700 INFO  [org.jboss.resteasy.resteasy_jaxrs.i18n] (ServerService Thread Pool -- 56) RESTEASY002220: Adding singleton resource org.keycloak.services.resources.admin.AdminRoot from Application class org.keycloak.services.resources.KeycloakApplication
2017-11-21 20:35:24,700 INFO  [org.jboss.resteasy.resteasy_jaxrs.i18n] (ServerService Thread Pool -- 56) RESTEASY002220: Adding singleton resource org.keycloak.services.resources.WelcomeResource from Application class org.keycloak.services.resources.KeycloakApplication
2017-11-21 20:35:24,899 INFO  [org.wildfly.extension.undertow] (ServerService Thread Pool -- 56) WFLYUT0021: Registered web context: '/auth' for server 'default-server'
2017-11-21 20:35:24,941 INFO  [org.jboss.as.server] (ServerService Thread Pool -- 45) WFLYSRV0010: Deployed "keycloak-server.war" (runtime-name : "keycloak-server.war")
2017-11-21 20:35:25,094 INFO  [org.jboss.as.server] (Controller Boot Thread) WFLYSRV0212: Resuming server
2017-11-21 20:35:25,104 INFO  [org.jboss.as] (Controller Boot Thread) WFLYSRV0060: Http management interface listening on http://127.0.0.1:9990/management
2017-11-21 20:35:25,105 INFO  [org.jboss.as] (Controller Boot Thread) WFLYSRV0051: Admin console listening on http://127.0.0.1:9990
2017-11-21 20:35:25,105 INFO  [org.jboss.as] (Controller Boot Thread) WFLYSRV0025: Keycloak 3.4.0.Final (WildFly Core 3.0.1.Final) started in 30992ms - Started 523 of 845 services (568 services are lazy, passive or on-demand)
2017-11-21 20:35:49,692 ERROR [org.keycloak.keys.FailsafeAesKeyProvider] (default task-4) No active keys found, using failsafe provider, please login to admin console to add keys. Clustering is not supported.
2017-11-21 20:35:49,704 WARN  [org.keycloak.keys.FailsafeAesKeyProvider] (default task-4) Keys expired, re-generated kid=2ebc4f70-f619-4ed3-ba57-f3cfeaac435e
2017-11-21 20:35:54,955 ERROR [org.keycloak.keys.FailsafeAesKeyProvider] (default task-1) No active keys found, using failsafe provider, please login to admin console to add keys. Clustering is not supported.
2017-11-21 20:35:56,221 ERROR [org.keycloak.keys.FailsafeAesKeyProvider] (default task-9) No active keys found, using failsafe provider, please login to admin console to add keys. Clustering is not supported.
2017-11-21 20:35:56,657 ERROR [org.keycloak.keys.FailsafeAesKeyProvider] (default task-4) No active keys found, using failsafe provider, please login to admin console to add keys. Clustering is not supported.
2017-11-21 20:35:57,581 ERROR [org.keycloak.keys.FailsafeAesKeyProvider] (default task-7) No active keys found, using failsafe provider, please login to admin console to add keys. Clustering is not supported.
2017-11-21 20:35:57,593 ERROR [org.keycloak.keys.FailsafeAesKeyProvider] (default task-6) No active keys found, using failsafe provider, please login to admin console to add keys. Clustering is not supported.
2017-11-21 20:35:57,783 ERROR [org.keycloak.keys.FailsafeAesKeyProvider] (default task-1) No active keys found, using failsafe provider, please login to admin console to add keys. Clustering is not supported.
2017-11-21 20:35:57,829 ERROR [org.keycloak.keys.FailsafeAesKeyProvider] (default task-13) No active keys found, using failsafe provider, please login to admin console to add keys. Clustering is not supported.
2017-11-21 20:35:58,020 ERROR [org.keycloak.keys.FailsafeAesKeyProvider] (default task-10) No active keys found, using failsafe provider, please login to admin console to add keys. Clustering is not supported.
2017-11-21 20:35:58,037 ERROR [org.keycloak.keys.FailsafeAesKeyProvider] (default task-9) No active keys found, using failsafe provider, please login to admin console to add keys. Clustering is not supported.
2017-11-21 20:36:12,663 ERROR [org.keycloak.keys.FailsafeAesKeyProvider] (default task-3) No active keys found, using failsafe provider, please login to admin console to add keys. Clustering is not supported.
2017-11-21 20:36:12,688 ERROR [org.keycloak.keys.FailsafeAesKeyProvider] (default task-2) No active keys found, using failsafe provider, please login to admin console to add keys. Clustering is not supported.
2017-11-21 20:36:13,102 ERROR [org.keycloak.keys.FailsafeAesKeyProvider] (default task-7) No active keys found, using failsafe provider, please login to admin console to add keys. Clustering is not supported.
2017-11-21 20:36:21,325 INFO  [org.jboss.as.server] (Thread-2) WFLYSRV0220: Server shutdown has been requested via an OS signal
2017-11-21 20:36:21,411 INFO  [org.wildfly.extension.undertow] (ServerService Thread Pool -- 56) WFLYUT0022: Unregistered web context: '/auth' from server 'default-server'
2017-11-21 20:36:21,414 INFO  [org.jboss.as.connector.subsystems.datasources] (MSC service thread 1-1) WFLYJCA0010: Unbound data source [java:jboss/datasources/KeycloakDS]
2017-11-21 20:36:21,419 INFO  [org.wildfly.extension.undertow] (MSC service thread 1-2) WFLYUT0008: Undertow HTTPS listener https suspending
2017-11-21 20:36:21,456 INFO  [org.wildfly.extension.undertow] (MSC service thread 1-2) WFLYUT0007: Undertow HTTPS listener https stopped, was bound to 127.0.0.1:8443
2017-11-21 20:36:21,479 INFO  [org.wildfly.extension.undertow] (MSC service thread 1-2) WFLYUT0019: Host default-host stopping
2017-11-21 20:36:21,493 INFO  [org.jboss.as.connector.subsystems.datasources] (MSC service thread 1-2) WFLYJCA0010: Unbound data source [java:jboss/datasources/ExampleDS]
2017-11-21 20:36:21,502 INFO  [org.jboss.as.connector.deployers.jdbc] (MSC service thread 1-2) WFLYJCA0019: Stopped Driver service with driver-name = h2
2017-11-21 20:36:21,515 INFO  [org.jboss.as.clustering.infinispan] (ServerService Thread Pool -- 63) WFLYCLINF0003: Stopped users cache from keycloak container
2017-11-21 20:36:21,516 INFO  [org.jboss.as.clustering.infinispan] (ServerService Thread Pool -- 60) WFLYCLINF0003: Stopped offlineSessions cache from keycloak container
2017-11-21 20:36:21,516 INFO  [org.jboss.as.clustering.infinispan] (ServerService Thread Pool -- 61) WFLYCLINF0003: Stopped keys cache from keycloak container
2017-11-21 20:36:21,525 INFO  [org.jboss.as.clustering.infinispan] (ServerService Thread Pool -- 62) WFLYCLINF0003: Stopped client-mappings cache from ejb container
2017-11-21 20:36:21,526 INFO  [org.jboss.as.clustering.infinispan] (ServerService Thread Pool -- 60) WFLYCLINF0003: Stopped sessions cache from keycloak container
2017-11-21 20:36:21,526 INFO  [org.jboss.as.clustering.infinispan] (ServerService Thread Pool -- 61) WFLYCLINF0003: Stopped authorization cache from keycloak container
2017-11-21 20:36:21,527 INFO  [org.jboss.as.clustering.infinispan] (ServerService Thread Pool -- 64) WFLYCLINF0003: Stopped authenticationSessions cache from keycloak container
2017-11-21 20:36:21,528 INFO  [org.jboss.as.clustering.infinispan] (ServerService Thread Pool -- 65) WFLYCLINF0003: Stopped loginFailures cache from keycloak container
2017-11-21 20:36:21,533 INFO  [org.wildfly.extension.undertow] (MSC service thread 1-2) WFLYUT0008: Undertow HTTP listener default suspending
2017-11-21 20:36:21,539 INFO  [org.jboss.as.clustering.infinispan] (ServerService Thread Pool -- 56) WFLYCLINF0003: Stopped realms cache from keycloak container
2017-11-21 20:36:21,540 INFO  [org.jboss.as.clustering.infinispan] (ServerService Thread Pool -- 63) WFLYCLINF0003: Stopped work cache from keycloak container
2017-11-21 20:36:21,540 INFO  [org.wildfly.extension.undertow] (MSC service thread 1-2) WFLYUT0007: Undertow HTTP listener default stopped, was bound to 127.0.0.1:8080
2017-11-21 20:36:21,543 INFO  [org.wildfly.extension.undertow] (MSC service thread 1-2) WFLYUT0004: Undertow 1.4.18.Final stopping
2017-11-21 20:36:21,559 INFO  [org.jboss.as.clustering.infinispan] (ServerService Thread Pool -- 66) WFLYCLINF0003: Stopped actionTokens cache from keycloak container
2017-11-21 20:36:21,568 INFO  [org.jboss.as.server.deployment] (MSC service thread 1-1) WFLYSRV0028: Stopped deployment keycloak-server.war (runtime-name: keycloak-server.war) in 207ms
2017-11-21 20:36:21,570 INFO  [org.jboss.as.clustering.infinispan] (MSC service thread 1-2) WFLYCLINF0003: Stopped authorizationRevisions cache from keycloak container
2017-11-21 20:36:21,618 INFO  [org.jboss.as.clustering.infinispan] (MSC service thread 1-2) WFLYCLINF0003: Stopped realmRevisions cache from keycloak container
2017-11-21 20:36:21,620 INFO  [org.jboss.as.clustering.infinispan] (MSC service thread 1-2) WFLYCLINF0003: Stopped userRevisions cache from keycloak container
2017-11-21 20:36:21,628 INFO  [org.jboss.as] (MSC service thread 1-2) WFLYSRV0050: Keycloak 3.4.0.Final (WildFly Core 3.0.1.Final) stopped in 267ms
